app/build/outputs/mapping/debug/seeds.txt
com.google.mlkit.vision.demo.java.LivePreviewActivity: LivePreviewActivity()
com.google.mlkit.vision.demo.java.LivePreviewActivity
com.google.mlkit.vision.demo.preference.SettingsActivity: SettingsActivity()
com.google.mlkit.vision.demo.java.StillImageActivity: StillImageActivity()
com.google.mlkit.vision.demo.java.StillImageActivity
com.google.mlkit.vision.demo.CameraXViewModel
com.google.mlkit.vision.demo.preference.SettingsActivity
com.google.mlkit.vision.demo.CameraSourcePreview: CameraSourcePreview(android.content.Context,android.util.AttributeSet)
com.google.mlkit.vision.demo.EntryChoiceActivity: EntryChoiceActivity()
com.google.mlkit.vision.demo.GraphicOverlay: GraphicOverlay(android.content.Context,android.util.AttributeSet)
com.google.mlkit.vision.demo.GraphicOverlay
com.google.mlkit.vision.demo.EntryChoiceActivity
com.google.mlkit.vision.demo.java.ChooserActivity: ChooserActivity()
com.google.mlkit.vision.demo.java.CameraXLivePreviewActivity
com.google.mlkit.vision.demo.CameraXViewModel: CameraXViewModel(android.app.Application)
com.google.mlkit.vision.demo.java.ChooserActivity
com.google.mlkit.vision.demo.CameraSourcePreview
com.google.mlkit.vision.demo.java.CameraXLivePreviewActivity: CameraXLivePreviewActivity()
...
com.google.android.gms.internal.mlkit_vision_label_bundled.zzzd: com.google.android.gms.internal.mlkit_vision_label_bundled.zzzd zzg
com.google.android.gms.internal.mlkit_vision_internal_vkp.zzajh: int zzf
com.google.android.gms.internal.mlkit_vision_internal_vkp.zzaiw: java.lang.String zzj
com.google.android.gms.internal.mlkit_vision_pose_common.zzem
com.google.android.gms.internal.mlkit_vision_internal_vkp.zzamr: float zzj
androidx.appcompat.widget.ButtonBarLayout: ButtonBarLayout(android.content.Context,android.util.AttributeSet)
com.google.android.gms.internal.mlkit_vision_object_detection_bundled.zzhs: com.google.android.gms.internal.mlkit_vision_object_detection_bundled.zzhs zzi
com.google.android.gms.internal.mlkit_vision_object_detection_custom.zzfz
com.google.android.gms.internal.mlkit_vision_internal_vkp.zzaqu: int zzb
com.google.android.gms.internal.mlkit_vision_object_detection_bundled.zzjl: int zzb
com.google.android.gms.dynamite.descriptors.com.google.android.gms.flags.ModuleDescriptor: int MODULE_VERSION
com.google.android.gms.internal.mlkit_vision_object_detection_bundled.zzfk: long zzj
com.google.android.libraries.vision.visionkit.pipeline.zzct: com.google.android.libraries.vision.visionkit.pipeline.zzct zzg
com.google.android.gms.internal.mlkit_vision_internal_vkp.zzpk: com.google.android.gms.internal.mlkit_vision_internal_vkp.zzrd zze
com.google.android.gms.internal.mlkit_vision_label_custom.zzcp: com.google.android.gms.internal.mlkit_vision_label_custom.zzco zze
com.google.android.gms.internal.mlkit_vision_internal_vkp.zzmq: com.google.android.gms.internal.mlkit_vision_internal_vkp.zzmq zzg
com.google.android.gms.internal.mlkit_vision_label_bundled.zzct: int zzf
com.google.android.libraries.vision.visionkit.pipeline.zzas: int zzp
com.google.android.gms.internal.mlkit_vision_internal_vkp.zzzk: int zzb
com.google.android.gms.internal.mlkit_vision_pose_common.zzfp: com.google.android.gms.internal.mlkit_vision_pose_common.zzdr zzF
com.google.android.gms.internal.mlkit_vision_internal_vkp.zzpe: com.google.android.gms.internal.mlkit_vision_internal_vkp.zzpe zzh
com.google.android.gms.internal.mlkit_vision_pose_common.zzde: com.google.android.gms.internal.mlkit_vision_pose_common.zznk zzh
com.google.android.gms.internal.mlkit_vision_object_detection_custom.zzze: int zze
com.google.android.gms.internal.mlkit_vision_internal_vkp.zzzu: int zzg
com.google.android.gms.internal.mlkit_vision_object_detection_bundled.zzaer: com.google.android.gms.internal.mlkit_vision_object_detection_bundled.zzzz zze
com.google.android.gms.internal.mlkit_vision_internal_vkp.zzzc: com.google.android.gms.internal.mlkit_vision_internal_vkp.zzzg zzt
com.google.android.gms.internal.mlkit_vision_internal_vkp.zzash
com.google.android.gms.internal.mlkit_vision_internal_vkp.zzzo: com.google.android.gms.internal.mlkit_vision_internal_vkp.zzzo zzf
com.google.android.gms.internal.vision.zznb: com.google.android.gms.internal.vision.zzjl zzc
com.google.android.gms.internal.mlkit_vision_internal_vkp.zzyp: float zzl
com.google.android.gms.internal.mlkit_vision_object_detection_custom.zzgn
com.google.android.gms.internal.mlkit_vision_object_detection_custom.zzjj: com.google.android.gms.internal.mlkit_vision_object_detection_custom.zzjj zzg
com.google.android.gms.internal.mlkit_vision_internal_vkp.zzyn: com.google.android.gms.internal.mlkit_vision_internal_vkp.zzabo zze
com.google.android.gms.internal.mlkit_vision_internal_vkp.zzbf: int zzf
com.google.android.gms.internal.mlkit_vision_object_detection_bundled.zzke: int zzi
com.google.android.gms.internal.mlkit_vision_object_detection_custom.zzio: int zzf
com.google.android.gms.internal.mlkit_vision_label_custom.zzhb: com.google.android.gms.internal.mlkit_vision_label_custom.zzhb zzn
com.google.android.gms.internal.mlkit_vision_internal_vkp.zzaas: int zza
com.google.android.gms.internal.mlkit_vision_internal_vkp.zzay: java.lang.String zzf