app/build/outputs/mapping/debug/mapping.txt
# compiler: R8
# compiler_version: 2.1.75
# min_api: 29
# pg_map_id: 94da626
# common_typos_disable
com.google.mlkit.vision.demo.-$$Lambda$CameraXViewModel$sBBc2dTXuCf6dj_SpKQjKKNXIRc -> com.google.mlkit.vision.demo.a:
    com.google.mlkit.vision.demo.CameraXViewModel f$0 -> a
    com.google.common.util.concurrent.ListenableFuture f$1 -> b
com.google.mlkit.vision.demo.-$$Lambda$GraphicOverlay$yBr5SAOGGutsB1HtBTmDsJ51qbk -> com.google.mlkit.vision.demo.b:
    com.google.mlkit.vision.demo.GraphicOverlay f$0 -> a
com.google.mlkit.vision.demo.-$$Lambda$ScopedExecutor$lkNgwdrb7pP5DHNgQbq5L9WrP-g -> com.google.mlkit.vision.demo.c:
    java.lang.Runnable f$1 -> b
    com.google.mlkit.vision.demo.ScopedExecutor f$0 -> a
com.google.mlkit.vision.demo.BitmapUtils -> com.google.mlkit.vision.demo.d:
    227:249:boolean areUVPlanesNV21(android.media.Image$Plane[],int,int) -> a
    75:84:android.graphics.Bitmap getBitmap(androidx.camera.core.ImageProxy) -> b
    50:67:android.graphics.Bitmap getBitmap(java.nio.ByteBuffer,com.google.mlkit.vision.demo.FrameMetadata) -> c
    110:151:android.graphics.Bitmap getBitmapFromContentUri(android.content.ContentResolver,android.net.Uri) -> d
    158:175:int getExifOrientationTag(android.content.ContentResolver,android.net.Uri) -> e
    90:104:android.graphics.Bitmap rotateBitmap(android.graphics.Bitmap,int,boolean,boolean) -> f
    261:285:void unpackPlane(android.media.Image$Plane,int,int,byte[],int,int) -> g
    198:221:java.nio.ByteBuffer yuv420ThreePlanesToNV21(android.media.Image$Plane[],int,int) -> h
com.google.mlkit.vision.demo.BuildConfig -> com.google.mlkit.vision.demo.e:
    boolean DEBUG -> a
    7:7:void <clinit>() -> <clinit>
com.google.mlkit.vision.demo.CameraImageGraphic -> com.google.mlkit.vision.demo.f:
    android.graphics.Bitmap bitmap -> b
    29:31:void <init>(com.google.mlkit.vision.demo.GraphicOverlay,android.graphics.Bitmap) -> <init>
    35:36:void draw(android.graphics.Canvas) -> a
com.google.mlkit.vision.demo.CameraSource -> com.google.mlkit.vision.demo.k:
    java.lang.Object processorLock -> j
    com.google.mlkit.vision.demo.GraphicOverlay graphicOverlay -> g
    java.util.IdentityHashMap bytesToByteBuffer -> l
    android.hardware.Camera camera -> b
    com.google.mlkit.vision.demo.CameraSource$FrameProcessingRunnable processingRunnable -> i
    int rotationDegrees -> d
    com.google.mlkit.vision.demo.VisionImageProcessor frameProcessor -> k
    android.app.Activity activity -> a
    int facing -> c
    com.google.android.gms.common.images.Size previewSize -> e
    android.graphics.SurfaceTexture dummySurfaceTexture -> f
    java.lang.Thread processingThread -> h
    77:121:void <init>(android.app.Activity,com.google.mlkit.vision.demo.GraphicOverlay) -> <init>
    47:47:com.google.mlkit.vision.demo.CameraSource$FrameProcessingRunnable access$100(com.google.mlkit.vision.demo.CameraSource) -> a
    47:47:java.lang.Thread access$200(com.google.mlkit.vision.demo.CameraSource) -> b
    47:47:java.util.IdentityHashMap access$300(com.google.mlkit.vision.demo.CameraSource) -> c
    47:47:java.lang.Object access$400(com.google.mlkit.vision.demo.CameraSource) -> d
    47:47:int access$500(com.google.mlkit.vision.demo.CameraSource) -> e
    47:47:com.google.android.gms.common.images.Size access$600(com.google.mlkit.vision.demo.CameraSource) -> f
    47:47:com.google.mlkit.vision.demo.GraphicOverlay access$700(com.google.mlkit.vision.demo.CameraSource) -> g
com.google.mlkit.vision.demo.CameraSource$1 -> com.google.mlkit.vision.demo.g:
com.google.mlkit.vision.demo.CameraSource$CameraPreviewCallback -> com.google.mlkit.vision.demo.h:
    com.google.mlkit.vision.demo.CameraSource this$0 -> a
    560:560:void <init>(com.google.mlkit.vision.demo.CameraSource) -> <init>
    560:560:void <init>(com.google.mlkit.vision.demo.CameraSource,com.google.mlkit.vision.demo.CameraSource$1) -> <init>
    563:564:void onPreviewFrame(byte[],android.hardware.Camera) -> onPreviewFrame
...
com.google.android.gms.internal.mlkit_vision_internal_vkp.zzm -> b.a.a.b.e.i.Bc:
    long zzb -> b
    long zza -> a
    boolean zzc -> c
    1:2:com.google.android.gms.internal.mlkit_vision_internal_vkp.zzm zza(java.io.FileDescriptor) -> a
    1:2:com.google.android.gms.internal.mlkit_vision_internal_vkp.zzm zzb(java.lang.String) -> b
    1:2:java.lang.Object zzc(java.util.concurrent.Callable) -> c
com.google.android.gms.internal.mlkit_vision_internal_vkp.zzma -> b.a.a.b.e.i.Cc:
    void zza(java.lang.Throwable,java.lang.Throwable) -> a
com.google.android.gms.internal.mlkit_vision_internal_vkp.zzmb -> b.a.a.b.e.i.Dc:
    1:1:void zza(java.lang.Throwable,java.lang.Throwable) -> a
com.google.android.gms.internal.mlkit_vision_internal_vkp.zzmc -> b.a.a.b.e.i.Ec:
    com.google.android.gms.internal.mlkit_vision_internal_vkp.zzlw zza -> a
    1:12:void <clinit>() -> <clinit>
    1:1:void zza(java.lang.Throwable,java.lang.Throwable) -> a
com.google.android.gms.internal.mlkit_vision_internal_vkp.zzme -> b.a.a.b.e.i.Fc:
com.google.android.gms.internal.mlkit_vision_internal_vkp.zzmf -> b.a.a.b.e.i.Gc:
    1:2:void <clinit>() -> <clinit>
    1:1:void <init>() -> <init>
    com.google.android.gms.internal.mlkit_vision_internal_vkp.zzmf zza() -> B
    0:4:java.lang.Object zzb(int,java.lang.Object,java.lang.Object) -> v
com.google.android.gms.internal.mlkit_vision_internal_vkp.zzmg -> b.a.a.b.e.i.Hc:
com.google.android.gms.internal.mlkit_vision_internal_vkp.zzmh -> b.a.a.b.e.i.Ic:
    1:2:void <clinit>() -> <clinit>
    1:2:void <init>() -> <init>
    com.google.android.gms.internal.mlkit_vision_internal_vkp.zzmh zza() -> B
    0:4:java.lang.Object zzb(int,java.lang.Object,java.lang.Object) -> v
com.google.android.gms.internal.mlkit_vision_internal_vkp.zzmj -> b.a.a.b.e.i.Jc:
com.google.android.gms.internal.mlkit_vision_internal_vkp.zzmk -> b.a.a.b.e.i.Kc:
    1:2:void <clinit>() -> <clinit>
    1:1:void <init>() -> <init>
    com.google.android.gms.internal.mlkit_vision_internal_vkp.zzmk zza() -> B
    0:4:java.lang.Object zzb(int,java.lang.Object,java.lang.Object) -> v
com.google.android.gms.internal.mlkit_vision_internal_vkp.zzmm -> b.a.a.b.e.i.Lc:
com.google.android.gms.internal.mlkit_vision_internal_vkp.zzmn -> b.a.a.b.e.i.Mc:
    1:2:void <clinit>() -> <clinit>
    1:2:void <init>() -> <init>
    com.google.android.gms.internal.mlkit_vision_internal_vkp.zzmn zza() -> B
    0:4:java.lang.Object zzb(int,java.lang.Object,java.lang.Object) -> v
com.google.android.gms.internal.mlkit_vision_internal_vkp.zzmo -> b.a.a.b.e.i.Nc:
com.google.android.gms.internal.mlkit_vision_internal_vkp.zzmp -> b.a.a.b.e.i.Oc:
com.google.android.gms.internal.mlkit_vision_internal_vkp.zzmq -> b.a.a.b.e.i.Pc:
    1:2:void <clinit>() -> <clinit>
    1:1:void <init>() -> <init>
    com.google.android.gms.internal.mlkit_vision_internal_vkp.zzmq zza() -> B
    0:4:java.lang.Object zzb(int,java.lang.Object,java.lang.Object) -> v
com.google.android.gms.internal.mlkit_vision_internal_vkp.zzmr -> b.a.a.b.e.i.Qc:
    1:2:void <clinit>() -> <clinit>
    1:2:void <init>() -> <init>
    com.google.android.gms.internal.mlkit_vision_internal_vkp.zzmr zza() -> B
    0:4:java.lang.Object zzb(int,java.lang.Object,java.lang.Object) -> v
com.google.android.gms.internal.mlkit_vision_internal_vkp.zzms -> b.a.a.b.e.i.Rc:
com.google.android.gms.internal.mlkit_vision_internal_vkp.zzmt -> b.a.a.b.e.i.Sc:
com.google.android.gms.internal.mlkit_vision_internal_vkp.zzmu -> b.a.a.b.e.i.Tc:
com.google.android.gms.internal.mlkit_vision_internal_vkp.zzmv -> b.a.a.b.e.i.Uc:
    1:2:void <clinit>() -> <clinit>
    1:1:void <init>() -> <init>
    com.google.android.gms.internal.mlkit_vision_internal_vkp.zzmv zza() -> B
    0:5:java.lang.Object zzb(int,java.lang.Object,java.lang.Object) -> v