app/build/outputs/mapping/debug/usage.txt
com.google.mlkit.vision.demo.R
com.google.mlkit.vision.demo.java.barcodescanner.BarcodeGraphic:
    private static final int TEXT_COLOR
    private static final int MARKER_COLOR
    private static final float TEXT_SIZE
    private static final float STROKE_WIDTH
com.google.mlkit.vision.demo.java.facedetector.FaceGraphic:
    private static final float FACE_POSITION_RADIUS
    private static final float ID_TEXT_SIZE
    private static final float ID_Y_OFFSET
    private static final float BOX_STROKE_WIDTH
    private static final int NUM_COLORS
com.google.mlkit.vision.demo.BuildConfig:
    public void <init>()
    public static final java.lang.String APPLICATION_ID
    public static final java.lang.String BUILD_TYPE
    public static final int VERSION_CODE
    public static final java.lang.String VERSION_NAME
com.google.mlkit.vision.demo.preference.PreferenceUtils:
    private void <init>()
    private static final int POSE_DETECTOR_PERFORMANCE_MODE_FAST
com.google.mlkit.vision.demo.java.VisionProcessorBase:
    protected static final java.lang.String MANUAL_TESTING_LOG
    private static final java.lang.String TAG
com.google.mlkit.vision.demo.CameraSourcePreview:
    public void release()
    private static final java.lang.String TAG
com.google.mlkit.vision.demo.java.labeldetector.LabelDetectorProcessor:
    private static final java.lang.String TAG
com.google.mlkit.vision.demo.R$array
com.google.mlkit.vision.demo.GraphicOverlay$Graphic:
    public android.content.Context getApplicationContext()
    public boolean isImageFlipped()
com.google.mlkit.vision.demo.java.objectdetector.ObjectDetectorProcessor:
    private static final java.lang.String TAG
com.google.mlkit.vision.demo.preference.SettingsActivity$LaunchSource:
    public static com.google.mlkit.vision.demo.preference.SettingsActivity$LaunchSource[] values()
    public static com.google.mlkit.vision.demo.preference.SettingsActivity$LaunchSource valueOf(java.lang.String)
com.google.mlkit.vision.demo.java.posedetector.PoseDetectorProcessor:
    private static final java.lang.String TAG
com.google.mlkit.vision.demo.R$dimen
com.google.mlkit.vision.demo.R$interpolator
com.google.mlkit.vision.demo.R$style
com.google.mlkit.vision.demo.java.objectdetector.ObjectGraphic:
    private static final float TEXT_SIZE
    private static final float STROKE_WIDTH
    private static final int NUM_COLORS
    private static final java.lang.String LABEL_FORMAT
com.google.mlkit.vision.demo.java.barcodescanner.BarcodeScannerProcessor:
    private static final java.lang.String TAG
com.google.mlkit.vision.demo.R$xml
com.google.mlkit.vision.demo.java.facedetector.FaceDetectorProcessor:
    private static final java.lang.String TAG
com.google.mlkit.vision.demo.R$anim
com.google.mlkit.vision.demo.java.textdetector.TextGraphic:
    private static final java.lang.String TAG
    private static final int TEXT_COLOR
    private static final int MARKER_COLOR
    private static final float TEXT_SIZE
    private static final float STROKE_WIDTH
com.google.mlkit.vision.demo.R$drawable
com.google.mlkit.vision.demo.java.posedetector.PoseGraphic:
    private static final float DOT_RADIUS
    private static final float IN_FRAME_LIKELIHOOD_TEXT_SIZE
com.google.mlkit.vision.demo.InferenceInfoGraphic:
    private static final int TEXT_COLOR
    private static final float TEXT_SIZE
com.google.mlkit.vision.demo.GraphicOverlay:
    public void remove(com.google.mlkit.vision.demo.GraphicOverlay$Graphic)
com.google.mlkit.vision.demo.java.labeldetector.LabelGraphic:
    private static final float TEXT_SIZE
    private static final java.lang.String LABEL_FORMAT
com.google.mlkit.vision.demo.EntryChoiceActivity:
    public android.view.View _$_findCachedViewById(int)
    public void _$_clearFindViewByIdCache()
    private java.util.HashMap _$_findViewCache
com.google.mlkit.vision.demo.BitmapUtils:
    public void <init>()
    private static final java.lang.String TAG
com.google.mlkit.vision.demo.R$integer
...
com.google.mlkit.common.sdkinternal.model.zzc
com.google.common.graph.DirectedMultiNetworkConnections$1
kotlin.jvm.internal.ArrayCharIterator
androidx.constraintlayout.widget.R$string
kotlin.sequences.SequencesKt__SequencesKt$generateSequence$1
com.google.gson.stream.JsonReader
com.google.android.gms.common.api.internal.zzc
androidx.camera.camera2.internal.ZoomControl:
    static android.graphics.Rect getCropRectByRatio(android.graphics.Rect,float)
    private void submitCameraZoomRatio(androidx.concurrent.futures.CallbackToFutureAdapter$Completer,androidx.camera.core.ZoomState)
    private synthetic java.lang.Object lambda$setLinearZoom$3(androidx.camera.core.ZoomState,androidx.concurrent.futures.CallbackToFutureAdapter$Completer)
    private synthetic void lambda$setLinearZoom$2(androidx.concurrent.futures.CallbackToFutureAdapter$Completer,androidx.camera.core.ZoomState)
    private synthetic java.lang.Object lambda$setZoomRatio$1(androidx.camera.core.ZoomState,androidx.concurrent.futures.CallbackToFutureAdapter$Completer)
    private synthetic void lambda$setZoomRatio$0(androidx.concurrent.futures.CallbackToFutureAdapter$Completer,androidx.camera.core.ZoomState)
    com.google.common.util.concurrent.ListenableFuture setZoomRatio(float)
    com.google.common.util.concurrent.ListenableFuture setLinearZoom(float)
    androidx.lifecycle.LiveData getZoomState()
    private static final java.lang.String TAG
    public static final float DEFAULT_ZOOM_RATIO
    public static final float MIN_ZOOM
androidx.constraintlayout.solver.state.State$Constraint
com.google.common.collect.AbstractSortedMultiset$1DescendingMultisetImpl
androidx.core.graphics.TypefaceCompatApi21Impl:
    private static final java.lang.String TAG
    private static final java.lang.String FONT_FAMILY_CLASS
    private static final java.lang.String ADD_FONT_WEIGHT_STYLE_METHOD
    private static final java.lang.String CREATE_FROM_FAMILIES_WITH_DEFAULT_METHOD
androidx.camera.camera2.internal.Camera2CaptureCallbacks:
    private void <init>()
com.google.android.gms.internal.mlkit_vision_internal_vkp.zzz:
    public static com.google.android.gms.internal.mlkit_vision_internal_vkp.zzz[] values()
com.google.android.gms.internal.clearcut.zzge$zzk$zza
com.google.common.collect.Maps$FilteredEntryMap$EntrySet$1$1
androidx.core.view.ViewCompat:
    private static android.graphics.Rect getEmptyTempRect()
    public static boolean canScrollHorizontally(android.view.View,int)
    public static boolean canScrollVertically(android.view.View,int)
    public static int getOverScrollMode(android.view.View)
    public static void setOverScrollMode(android.view.View,int)
    public static void onPopulateAccessibilityEvent(android.view.View,android.view.accessibility.AccessibilityEvent)
    public static void onInitializeAccessibilityEvent(android.view.View,android.view.accessibility.AccessibilityEvent)
    public static void onInitializeAccessibilityNodeInfo(android.view.View,androidx.core.view.accessibility.AccessibilityNodeInfoCompat)
    public static varargs void setAutofillHints(android.view.View,java.lang.String[])
    public static int getImportantForAutofill(android.view.View)
    public static void setImportantForAutofill(android.view.View,int)
    public static boolean isImportantForAutofill(android.view.View)
    public static boolean hasAccessibilityDelegate(android.view.View)
    public static androidx.core.view.AccessibilityDelegateCompat getAccessibilityDelegate(android.view.View)
    static androidx.core.view.AccessibilityDelegateCompat getOrCreateAccessibilityDelegateCompat(android.view.View)
    public static boolean hasTransientState(android.view.View)
    public static void setHasTransientState(android.view.View,boolean)
androidx.camera.core.ImageCapture$CaptureCallbackChecker$1
androidx.vectordrawable.animated.R$string
androidx.constraintlayout.motion.widget.MotionLayout$2
com.google.gson.JsonElement
com.google.gson.GsonBuilder